2021-01-05 03:28:54,684 - Single Logging AB.models.ClasseA - INFO - ....running INFO LEVEL on method AB
2021-01-05 03:28:54,684 - Single Logging AB.models.ClasseA - DEBUG - ....running DEBUG LEVEL on method AB
2021-01-05 03:28:54,684 - Single Logging AB.models.ClasseA - CRITICAL - ....running CRITICAL LEVEL on method AB
2021-01-05 03:28:54,684 - Single Logging AB.models.ClasseA - WARNING - ....running WARNING LEVEL on method AB
2021-01-05 03:28:54,684 - Single Logging AB.models.ClasseA - ERROR - ....running ERROR LEVEL on method AB
2021-01-05 03:28:54,685 - Single Logging AB.models.ClasseB - INFO - ....running INFO LEVEL on method AB
2021-01-05 03:28:54,685 - Single Logging AB.models.ClasseB - DEBUG - ....running DEBUG LEVEL on method AB
2021-01-05 03:28:54,685 - Single Logging AB.models.ClasseB - CRITICAL - ....running CRITICAL LEVEL on method AB
2021-01-05 03:28:54,685 - Single Logging AB.models.ClasseB - WARNING - ....running WARNING LEVEL on method AB
2021-01-05 03:28:54,685 - Single Logging AB.models.ClasseB - ERROR - ....running ERROR LEVEL on method AB
2021-01-05 03:32:17,506 - Single Logging AB.models.ClasseA - INFO - ....running INFO LEVEL on method AB
2021-01-05 03:32:17,507 - Single Logging AB.models.ClasseA - DEBUG - ....running DEBUG LEVEL on method AB
2021-01-05 03:32:17,507 - Single Logging AB.models.ClasseA - CRITICAL - ....running CRITICAL LEVEL on method AB
2021-01-05 03:32:17,507 - Single Logging AB.models.ClasseA - WARNING - ....running WARNING LEVEL on method AB
2021-01-05 03:32:17,507 - Single Logging AB.models.ClasseA - ERROR - ....running ERROR LEVEL on method AB
2021-01-05 03:32:17,507 - Single Logging AB.models.ClasseB - INFO - ....running INFO LEVEL on method AB
2021-01-05 03:32:17,507 - Single Logging AB.models.ClasseB - DEBUG - ....running DEBUG LEVEL on method AB
2021-01-05 03:32:17,507 - Single Logging AB.models.ClasseB - CRITICAL - ....running CRITICAL LEVEL on method AB
2021-01-05 03:32:17,507 - Single Logging AB.models.ClasseB - WARNING - ....running WARNING LEVEL on method AB
2021-01-05 03:32:17,508 - Single Logging AB.models.ClasseB - ERROR - ....running ERROR LEVEL on method AB
2021-01-05 03:36:18,810 - Single Logging AB.models.ClasseA - INFO - ....running INFO LEVEL on method AB
2021-01-05 03:36:18,810 - Single Logging AB.models.ClasseA - DEBUG - ....running DEBUG LEVEL on method AB
2021-01-05 03:36:18,810 - Single Logging AB.models.ClasseA - CRITICAL - ....running CRITICAL LEVEL on method AB
2021-01-05 03:36:18,810 - Single Logging AB.models.ClasseA - WARNING - ....running WARNING LEVEL on method AB
2021-01-05 03:36:18,810 - Single Logging AB.models.ClasseA - ERROR - ....running ERROR LEVEL on method AB
2021-01-05 03:36:18,810 - Single Logging AB.models.ClasseB - INFO - ....running INFO LEVEL on method BA
2021-01-05 03:36:18,811 - Single Logging AB.models.ClasseB - DEBUG - ....running DEBUG LEVEL on method BA
2021-01-05 03:36:18,811 - Single Logging AB.models.ClasseB - CRITICAL - ....running CRITICAL LEVEL on method BA
2021-01-05 03:36:18,811 - Single Logging AB.models.ClasseB - WARNING - ....running WARNING LEVEL on method BA
2021-01-05 03:36:18,811 - Single Logging AB.models.ClasseB - ERROR - ....running ERROR LEVEL on method BA
